<?xml version="1.0" encoding="UTF-8"?>
<testsuite xmlns:xsi="http://www.w3.org/2001/XMLSchema-instance" xsi:noNamespaceSchemaLocation="https://maven.apache.org/surefire/maven-surefire-plugin/xsd/surefire-test-report-3.0.xsd" version="3.0" name="org.test.runner.TestRunner" time="16.225" tests="1" errors="0" skipped="0" failures="1">
  <properties>
[...]
</properties>
  <testcase name="To verify the Adactin Hotels Booking confirmation" classname="To verify the Adactin Hotels Bookings" time="14.853">
    <failure message="expected:&lt;[Invalid Login details or Your Password might have expired. Click here to reset your password]&gt; but was:&lt;[[[EdgeDriver: MicrosoftEdge on WINDOWS (4b67c2ec4d51dd6506f2e6b246502642)] -&gt; xpath: //div[@class=&apos;auth_error&apos;]]]&gt;" type="org.junit.ComparisonFailure"><![CDATA[org.junit.ComparisonFailure: expected:<[Invalid Login details or Your Password might have expired. Click here to reset your password]> but was:<[[[EdgeDriver: MicrosoftEdge on WINDOWS (4b67c2ec4d51dd6506f2e6b246502642)] -> xpath: //div[@class='auth_error']]]]]><![CDATA[>
	at org.junit.Assert.assertEquals(Assert.java:117)
	at org.junit.Assert.assertEquals(Assert.java:146)
	at org.test.adactin.booking.AdactinHotelsBooking.user_enters_the_and_click_the_login_button(AdactinHotelsBooking.java:64)
	at ✽.user enters the "DharmaEswari" , "JD56FA1" and click the login button(file:///C:/Users/nagash%20ak/OneDrive/Desktop/JAVA/eclipse/CucumberAdactinHotel/src/test/resources/AdactinHotel.feature:6)
]]></failure>
    <system-out><![CDATA[
@Sanity
Scenario Outline: To verify the Adactin Hotels Booking confirmation                      # src/test/resources/AdactinHotel.feature:16
  Given user enters into the Adcatin Hotels LoginPage                                    # org.test.adactin.booking.AdactinHotelsBooking.user_enters_into_the_adcatin_hotels_login_page()
  And user enters the "DharmaEswari" , "JD56FA1" and click the login button              # org.test.adactin.booking.AdactinHotelsBooking.user_enters_the_and_click_the_login_button(java.lang.String,java.lang.String)
      org.junit.ComparisonFailure: expected:<[Invalid Login details or Your Password might have expired. Click here to reset your password]> but was:<[[[EdgeDriver: MicrosoftEdge on WINDOWS (4b67c2ec4d51dd6506f2e6b246502642)] -> xpath: //div[@class='auth_error']]]]]><![CDATA[>
	at org.junit.Assert.assertEquals(Assert.java:117)
	at org.junit.Assert.assertEquals(Assert.java:146)
	at org.test.adactin.booking.AdactinHotelsBooking.user_enters_the_and_click_the_login_button(AdactinHotelsBooking.java:64)
	at ✽.user enters the "DharmaEswari" , "JD56FA1" and click the login button(file:///C:/Users/nagash%20ak/OneDrive/Desktop/JAVA/eclipse/CucumberAdactinHotel/src/test/resources/AdactinHotel.feature:6)

  And user enters the search hotel "Los Angeles" , "Hotel Sunshine" , "Standard" and "4" # org.test.adactin.booking.AdactinHotelsBooking.user_enters_the_search_hotel_and(java.lang.String,java.lang.String,java.lang.String,java.lang.String)
  And user enters and check the date "10/09/2023" and "11/09/2023"                       # org.test.adactin.booking.AdactinHotelsBooking.user_enters_the_check_date_and(java.lang.String,java.lang.String)
  And user enters the "1" and "1"                                                        # org.test.adactin.booking.AdactinHotelsBooking.user_enters_the_and(java.lang.String,java.lang.String)
  When user click the search button                                                      # org.test.adactin.booking.AdactinHotelsBooking.user_click_the_search_button()
  Then user verify the search results                                                    # org.test.adactin.booking.AdactinHotelsBooking.user_verify_the_search_results()
]]></system-out>
    <system-err><![CDATA[SLF4J: No SLF4J providers were found.
SLF4J: Defaulting to no-operation (NOP) logger implementation
SLF4J: See https://www.slf4j.org/codes.html#noProviders for further details.
Starting Microsoft Edge WebDriver 131.0.2903.86 (cf5bf303997cad93d7a0bede234d3c3dc01cc63d) on port 7465
To submit feedback, report a bug, or suggest new features, please visit https://github.com/MicrosoftEdge/EdgeWebDriver

Only local connections are allowed.
Please see https://aka.ms/WebDriverSecurity for suggestions on keeping Microsoft Edge WebDriver safe.

Microsoft Edge WebDriver was started successfully.
msedgedriver was started successfully on port 7465.
Dec 11, 2024 4:15:05 PM org.openqa.selenium.remote.ProtocolHandshake createSession
INFO: Detected dialect: W3C
]]></system-err>
  </testcase>
</testsuite>